2026-01-07 15:57:18 - INFO - root - ================================================================================
2026-01-07 15:57:18 - INFO - root - N4LR DX Client Starting
2026-01-07 15:57:18 - INFO - root - Log file: C:\n4lr_dxclient\app.log
2026-01-07 15:57:18 - INFO - root - ================================================================================
2026-01-07 15:57:18 - INFO - flet - Assets path configured: C:\n4lr_dxclient\assets
2026-01-07 15:57:18 - INFO - flet - Starting up TCP server on localhost:64822
2026-01-07 15:57:18 - INFO - flet - Flet app has started...
2026-01-07 15:57:18 - INFO - flet - App URL: tcp://localhost:64822
2026-01-07 15:57:18 - INFO - flet_desktop - Starting Flet View app...
2026-01-07 15:57:18 - INFO - flet_desktop - Looking for Flet executable at: C:\n4lr_dxclient\venv\Lib\site-packages\flet_desktop\app\flet\flet.exe
2026-01-07 15:57:18 - INFO - flet_desktop - Flet View found in: C:\n4lr_dxclient\venv\Lib\site-packages\flet_desktop\app\flet\flet.exe
2026-01-07 15:57:19 - INFO - flet - App session started
2026-01-07 15:57:23 - INFO - backend.cluster_async - STARTUP → Sending initialization commands
2026-01-07 15:57:23 - INFO - backend.cluster_async - STARTUP CMD → set/nofilter
2026-01-07 15:57:23 - INFO - backend.cluster_async - STARTUP CMD → set/ve7cc
2026-01-07 15:57:23 - INFO - backend.cluster_async - STARTUP CMD → set/skimmer
2026-01-07 15:57:23 - INFO - backend.cluster_async - STARTUP ✓ Initialization complete
2026-01-07 15:58:34 - ERROR - asyncio - Exception in callback BaseEventLoop.run_in_executor()
handle: <Handle BaseEventLoop.run_in_executor()>
Traceback (most recent call last):
  File "C:\Python3\Lib\asyncio\events.py", line 89, in _run
    self._context.run(self._callback, *self._args)
    ~~~~~~~~~~~~~~~~~^^^^^^^^^^^^^^^^^^^^^^^^^^^^^
  File "C:\Python3\Lib\asyncio\base_events.py", line 895, in run_in_executor
    executor.submit(func, *args), loop=self)
    ~~~~~~~~~~~~~~~^^^^^^^^^^^^^
  File "C:\Python3\Lib\concurrent\futures\thread.py", line 171, in submit
    raise RuntimeError('cannot schedule new futures after shutdown')
RuntimeError: cannot schedule new futures after shutdown
2026-01-07 15:58:52 - INFO - root - ================================================================================
2026-01-07 15:58:52 - INFO - root - N4LR DX Client Starting
2026-01-07 15:58:52 - INFO - root - Log file: C:\n4lr_dxclient\app.log
2026-01-07 15:58:52 - INFO - root - ================================================================================
2026-01-07 15:58:52 - INFO - flet - Assets path configured: C:\n4lr_dxclient\assets
2026-01-07 15:58:52 - INFO - flet - Starting up TCP server on localhost:64996
2026-01-07 15:58:52 - INFO - flet - Flet app has started...
2026-01-07 15:58:52 - INFO - flet - App URL: tcp://localhost:64996
2026-01-07 15:58:52 - INFO - flet_desktop - Starting Flet View app...
2026-01-07 15:58:52 - INFO - flet_desktop - Looking for Flet executable at: C:\n4lr_dxclient\venv\Lib\site-packages\flet_desktop\app\flet\flet.exe
2026-01-07 15:58:52 - INFO - flet_desktop - Flet View found in: C:\n4lr_dxclient\venv\Lib\site-packages\flet_desktop\app\flet\flet.exe
2026-01-07 15:58:53 - INFO - flet - App session started
2026-01-07 15:58:53 - INFO - backend.cluster_async - STARTUP → Sending initialization commands
2026-01-07 15:58:53 - INFO - backend.cluster_async - STARTUP CMD → set/nofilter
2026-01-07 15:58:53 - INFO - backend.cluster_async - STARTUP CMD → set/ve7cc
2026-01-07 15:58:53 - INFO - backend.cluster_async - STARTUP CMD → set/skimmer
2026-01-07 15:58:53 - INFO - backend.cluster_async - STARTUP ✓ Initialization complete
2026-01-07 15:58:59 - ERROR - asyncio - Exception in callback BaseEventLoop.run_in_executor()
handle: <Handle BaseEventLoop.run_in_executor()>
Traceback (most recent call last):
  File "C:\Python3\Lib\asyncio\events.py", line 89, in _run
    self._context.run(self._callback, *self._args)
    ~~~~~~~~~~~~~~~~~^^^^^^^^^^^^^^^^^^^^^^^^^^^^^
  File "C:\Python3\Lib\asyncio\base_events.py", line 895, in run_in_executor
    executor.submit(func, *args), loop=self)
    ~~~~~~~~~~~~~~~^^^^^^^^^^^^^
  File "C:\Python3\Lib\concurrent\futures\thread.py", line 171, in submit
    raise RuntimeError('cannot schedule new futures after shutdown')
RuntimeError: cannot schedule new futures after shutdown
2026-01-07 16:04:21 - INFO - root - ================================================================================
2026-01-07 16:04:21 - INFO - root - N4LR DX Client Starting
2026-01-07 16:04:21 - INFO - root - Log file: C:\n4lr_dxclient\app.log
2026-01-07 16:04:21 - INFO - root - ================================================================================
2026-01-07 16:04:22 - INFO - flet - Assets path configured: C:\n4lr_dxclient\assets
2026-01-07 16:04:22 - INFO - flet - Starting up TCP server on localhost:49189
2026-01-07 16:04:22 - INFO - flet - Flet app has started...
2026-01-07 16:04:22 - INFO - flet - App URL: tcp://localhost:49189
2026-01-07 16:04:22 - INFO - flet_desktop - Starting Flet View app...
2026-01-07 16:04:22 - INFO - flet_desktop - Looking for Flet executable at: C:\n4lr_dxclient\venv\Lib\site-packages\flet_desktop\app\flet\flet.exe
2026-01-07 16:04:22 - INFO - flet_desktop - Flet View found in: C:\n4lr_dxclient\venv\Lib\site-packages\flet_desktop\app\flet\flet.exe
2026-01-07 16:04:22 - INFO - flet - App session started
2026-01-07 16:04:24 - INFO - backend.cluster_async - STARTUP → Sending initialization commands
2026-01-07 16:04:24 - INFO - backend.cluster_async - STARTUP CMD → set/nofilter
2026-01-07 16:04:24 - INFO - backend.cluster_async - STARTUP CMD → set/ve7cc
2026-01-07 16:04:24 - INFO - backend.cluster_async - STARTUP CMD → set/skimmer
2026-01-07 16:04:24 - INFO - backend.cluster_async - STARTUP ✓ Initialization complete
2026-01-07 16:04:51 - ERROR - asyncio - Exception in callback BaseEventLoop.run_in_executor()
handle: <Handle BaseEventLoop.run_in_executor()>
Traceback (most recent call last):
  File "C:\Python3\Lib\asyncio\events.py", line 89, in _run
    self._context.run(self._callback, *self._args)
    ~~~~~~~~~~~~~~~~~^^^^^^^^^^^^^^^^^^^^^^^^^^^^^
  File "C:\Python3\Lib\asyncio\base_events.py", line 895, in run_in_executor
    executor.submit(func, *args), loop=self)
    ~~~~~~~~~~~~~~~^^^^^^^^^^^^^
  File "C:\Python3\Lib\concurrent\futures\thread.py", line 171, in submit
    raise RuntimeError('cannot schedule new futures after shutdown')
RuntimeError: cannot schedule new futures after shutdown
2026-01-07 16:11:41 - INFO - root - ================================================================================
2026-01-07 16:11:41 - INFO - root - N4LR DX Client Starting
2026-01-07 16:11:41 - INFO - root - Log file: C:\n4lr_dxclient\app.log
2026-01-07 16:11:41 - INFO - root - ================================================================================
2026-01-07 16:11:41 - INFO - flet - Assets path configured: C:\n4lr_dxclient\assets
2026-01-07 16:11:41 - INFO - flet - Starting up TCP server on localhost:49977
2026-01-07 16:11:41 - INFO - flet - Flet app has started...
2026-01-07 16:11:41 - INFO - flet - App URL: tcp://localhost:49977
2026-01-07 16:11:41 - INFO - flet_desktop - Starting Flet View app...
2026-01-07 16:11:41 - INFO - flet_desktop - Looking for Flet executable at: C:\n4lr_dxclient\venv\Lib\site-packages\flet_desktop\app\flet\flet.exe
2026-01-07 16:11:41 - INFO - flet_desktop - Flet View found in: C:\n4lr_dxclient\venv\Lib\site-packages\flet_desktop\app\flet\flet.exe
2026-01-07 16:11:42 - INFO - flet - App session started
2026-01-07 16:11:44 - INFO - backend.cluster_async - STARTUP → Sending initialization commands
2026-01-07 16:11:44 - INFO - backend.cluster_async - STARTUP CMD → set/nofilter
2026-01-07 16:11:44 - INFO - backend.cluster_async - STARTUP CMD → set/ve7cc
2026-01-07 16:11:44 - INFO - backend.cluster_async - STARTUP CMD → set/skimmer
2026-01-07 16:11:44 - INFO - backend.cluster_async - STARTUP ✓ Initialization complete
2026-01-07 16:46:15 - ERROR - asyncio - Exception in callback BaseEventLoop.run_in_executor()
handle: <Handle BaseEventLoop.run_in_executor()>
Traceback (most recent call last):
  File "C:\Python3\Lib\asyncio\events.py", line 89, in _run
    self._context.run(self._callback, *self._args)
    ~~~~~~~~~~~~~~~~~^^^^^^^^^^^^^^^^^^^^^^^^^^^^^
  File "C:\Python3\Lib\asyncio\base_events.py", line 895, in run_in_executor
    executor.submit(func, *args), loop=self)
    ~~~~~~~~~~~~~~~^^^^^^^^^^^^^
  File "C:\Python3\Lib\concurrent\futures\thread.py", line 171, in submit
    raise RuntimeError('cannot schedule new futures after shutdown')
RuntimeError: cannot schedule new futures after shutdown
2026-01-07 16:46:18 - INFO - root - ================================================================================
2026-01-07 16:46:18 - INFO - root - N4LR DX Client Starting
2026-01-07 16:46:18 - INFO - root - Log file: C:\n4lr_dxclient\app.log
2026-01-07 16:46:18 - INFO - root - ================================================================================
2026-01-07 16:46:18 - INFO - flet - Assets path configured: C:\n4lr_dxclient\assets
2026-01-07 16:46:18 - INFO - flet - Starting up TCP server on localhost:57219
2026-01-07 16:46:18 - INFO - flet - Flet app has started...
2026-01-07 16:46:18 - INFO - flet - App URL: tcp://localhost:57219
2026-01-07 16:46:18 - INFO - flet_desktop - Starting Flet View app...
2026-01-07 16:46:18 - INFO - flet_desktop - Looking for Flet executable at: C:\n4lr_dxclient\venv\Lib\site-packages\flet_desktop\app\flet\flet.exe
2026-01-07 16:46:18 - INFO - flet_desktop - Flet View found in: C:\n4lr_dxclient\venv\Lib\site-packages\flet_desktop\app\flet\flet.exe
2026-01-07 16:46:19 - INFO - flet - App session started
2026-01-07 16:46:20 - INFO - backend.cluster_async - STARTUP → Sending initialization commands
2026-01-07 16:46:20 - INFO - backend.cluster_async - STARTUP CMD → set/nofilter
2026-01-07 16:46:20 - INFO - backend.cluster_async - STARTUP CMD → set/ve7cc
2026-01-07 16:46:20 - INFO - backend.cluster_async - STARTUP CMD → set/skimmer
2026-01-07 16:46:20 - INFO - backend.cluster_async - STARTUP ✓ Initialization complete
2026-01-07 16:57:00 - ERROR - asyncio - Exception in callback BaseEventLoop.run_in_executor()
handle: <Handle BaseEventLoop.run_in_executor()>
Traceback (most recent call last):
  File "C:\Python3\Lib\asyncio\events.py", line 89, in _run
    self._context.run(self._callback, *self._args)
    ~~~~~~~~~~~~~~~~~^^^^^^^^^^^^^^^^^^^^^^^^^^^^^
  File "C:\Python3\Lib\asyncio\base_events.py", line 895, in run_in_executor
    executor.submit(func, *args), loop=self)
    ~~~~~~~~~~~~~~~^^^^^^^^^^^^^
  File "C:\Python3\Lib\concurrent\futures\thread.py", line 171, in submit
    raise RuntimeError('cannot schedule new futures after shutdown')
RuntimeError: cannot schedule new futures after shutdown
2026-01-07 16:59:23 - INFO - root - ================================================================================
2026-01-07 16:59:23 - INFO - root - N4LR DX Client Starting
2026-01-07 16:59:23 - INFO - root - Log file: C:\n4lr_dxclient\app.log
2026-01-07 16:59:23 - INFO - root - ================================================================================
2026-01-07 16:59:24 - INFO - flet - Assets path configured: C:\n4lr_dxclient\assets
2026-01-07 16:59:24 - INFO - flet - Starting up TCP server on localhost:58582
2026-01-07 16:59:24 - INFO - flet - Flet app has started...
2026-01-07 16:59:24 - INFO - flet - App URL: tcp://localhost:58582
2026-01-07 16:59:24 - INFO - flet_desktop - Starting Flet View app...
2026-01-07 16:59:24 - INFO - flet_desktop - Looking for Flet executable at: C:\n4lr_dxclient\venv\Lib\site-packages\flet_desktop\app\flet\flet.exe
2026-01-07 16:59:24 - INFO - flet_desktop - Flet View found in: C:\n4lr_dxclient\venv\Lib\site-packages\flet_desktop\app\flet\flet.exe
2026-01-07 16:59:24 - INFO - flet - App session started
2026-01-07 17:01:08 - INFO - root - ================================================================================
2026-01-07 17:01:08 - INFO - root - N4LR DX Client Starting
2026-01-07 17:01:08 - INFO - root - Log file: C:\n4lr_dxclient\app.log
2026-01-07 17:01:08 - INFO - root - ================================================================================
2026-01-07 17:01:09 - INFO - flet - Assets path configured: C:\n4lr_dxclient\assets
2026-01-07 17:01:09 - INFO - flet - Starting up TCP server on localhost:58772
2026-01-07 17:01:09 - INFO - flet - Flet app has started...
2026-01-07 17:01:09 - INFO - flet - App URL: tcp://localhost:58772
2026-01-07 17:01:09 - INFO - flet_desktop - Starting Flet View app...
2026-01-07 17:01:09 - INFO - flet_desktop - Looking for Flet executable at: C:\n4lr_dxclient\venv\Lib\site-packages\flet_desktop\app\flet\flet.exe
2026-01-07 17:01:09 - INFO - flet_desktop - Flet View found in: C:\n4lr_dxclient\venv\Lib\site-packages\flet_desktop\app\flet\flet.exe
2026-01-07 17:01:09 - INFO - flet - App session started
2026-01-07 17:01:13 - INFO - backend.cluster_async - STARTUP → Sending initialization commands
2026-01-07 17:01:13 - INFO - backend.cluster_async - STARTUP CMD → set/nofilter
2026-01-07 17:01:13 - INFO - backend.cluster_async - STARTUP CMD → set/ve7cc
2026-01-07 17:01:13 - INFO - backend.cluster_async - STARTUP CMD → set/skimmer
2026-01-07 17:01:13 - INFO - backend.cluster_async - STARTUP ✓ Initialization complete
2026-01-07 17:08:07 - ERROR - asyncio - Exception in callback BaseEventLoop.run_in_executor()
handle: <Handle BaseEventLoop.run_in_executor()>
Traceback (most recent call last):
  File "C:\Python3\Lib\asyncio\events.py", line 89, in _run
    self._context.run(self._callback, *self._args)
    ~~~~~~~~~~~~~~~~~^^^^^^^^^^^^^^^^^^^^^^^^^^^^^
  File "C:\Python3\Lib\asyncio\base_events.py", line 895, in run_in_executor
    executor.submit(func, *args), loop=self)
    ~~~~~~~~~~~~~~~^^^^^^^^^^^^^
  File "C:\Python3\Lib\concurrent\futures\thread.py", line 171, in submit
    raise RuntimeError('cannot schedule new futures after shutdown')
RuntimeError: cannot schedule new futures after shutdown
